<?xml version="1.0" encoding="UTF-8"?>
<!-- Generated by org.testng.reporters.JUnitReportReporter -->
<testsuite hostname="sreedevi" failures="0" tests="2" name="testScript.AdminUsersTest" time="11.055" errors="0" timestamp="2025-01-27T12:04:59 IST" skipped="0">
  <testcase classname="testScript.AdminUsersTest" name="verifyTheUserIsAbleToDeleteTheAdminUserDetails" time="4.036"/>
  <testcase classname="testScript.AdminUsersTest" name="verifyTheUserIsAbleToCreateAAdminUser" time="7.019"/>
</testsuite> <!-- testScript.AdminUsersTest -->
