<?xml version="1.0" encoding="UTF-8"?>
<!-- Generated by org.testng.reporters.JUnitReportReporter -->
<testsuite hostname="sreedevi" failures="0" tests="1" name="testScript.ManageProductTest" time="9.554" errors="0" timestamp="2025-01-21T20:05:37 IST" skipped="0">
  <testcase classname="testScript.ManageProductTest" name="verifyTheUserIsAbleToDeleteTheProduct" time="9.554"/>
</testsuite> <!-- testScript.ManageProductTest -->
