<?xml version="1.0" encoding="UTF-8"?>
<!-- Generated by org.testng.reporters.JUnitReportReporter -->
<testsuite hostname="sreedevi" failures="0" tests="2" name="testScript.AdminUsersTest" time="9.362" errors="0" timestamp="2025-01-21T20:05:37 IST" skipped="0">
  <testcase classname="testScript.AdminUsersTest" name="verifyTheUserIsAbleToCreateAAdminUser" time="5.324"/>
  <testcase classname="testScript.AdminUsersTest" name="verifyTheUserIsAbleToDeleteTheAdminUserDetails" time="4.038"/>
</testsuite> <!-- testScript.AdminUsersTest -->
