<?xml version="1.0" encoding="UTF-8"?>
<!-- Generated by org.testng.reporters.JUnitReportReporter -->
<testsuite hostname="sreedevi" failures="0" tests="1" name="testScript.LoginTest" time="5.195" errors="0" timestamp="2025-01-21T20:13:15 IST" skipped="0">
  <testcase classname="testScript.LoginTest" name="verifyTheUserIsAbleToLoginUsingValidCredentials" time="5.195"/>
</testsuite> <!-- testScript.LoginTest -->
