<?xml version="1.0" encoding="UTF-8"?>
<!-- Generated by org.testng.reporters.JUnitReportReporter -->
<testsuite hostname="sreedevi" failures="0" tests="1" name="testScript.LoginTest" time="7.973" errors="0" timestamp="2025-01-23T21:30:27 IST" skipped="0">
  <testcase classname="testScript.LoginTest" name="verifyTheUserIsAbleToLoginUsingValidCredentials" time="7.973"/>
</testsuite> <!-- testScript.LoginTest -->
